
**** Clean-only build of configuration Debug for project asctec_ultrasonic_piccolo ****

"C:\\CCStudio_v6.0\\ccsv6\\utils\\bin\\gmake" -k clean 
DEL /F  "asctec_ultrasonic_piccolocfg.h" "asctec_ultrasonic_piccolocfg.h??"  "asctec_ultrasonic_piccolo.cdb"  "C:\dan\omapl138\GE423Dev\trunk\asctec_ultrasonic_piccolo\Debug\user_asctec_ultrasonic_piccolo.out"  "asctec_ultrasonic_piccolocfg.cmd" "asctec_ultrasonic_piccolocfg.s??" "asctec_ultrasonic_piccolocfg_c.c"  "C:\dan\omapl138\GE423Dev\trunk\asctec_ultrasonic_piccolo\Debug\user_asctec_ultrasonic_piccolo.hex" 
Could Not Find C:\dan\omapl138\GE423Dev\trunk\asctec_ultrasonic_piccolo\Debug\user_asctec_ultrasonic_piccolo.out
Could Not Find C:\dan\omapl138\GE423Dev\trunk\asctec_ultrasonic_piccolo\Debug\user_asctec_ultrasonic_piccolo.hex
DEL /F "28027_pwm.pp" "28027_serial.pp" "DSP2802x_Adc.pp" "DSP2802x_CpuTimers.pp" "DSP2802x_GlobalVariableDefs.pp" "DSP2802x_Gpio.pp" "DSP2802x_I2C.pp" "DSP2802x_PieCtrl.pp" "DSP2802x_Sci.pp" "DSP2802x_Spi.pp" "DSP2802x_SysCtrl.pp" "asctec_ultrasonic_piccolocfg_c.pp" "coecsl.pp" "smallprintf.pp" "user_asctec_ultrasonic_piccolo.pp" 
DEL /F "asctec_ultrasonic_piccolocfg.pp" 
Could Not Find C:\dan\omapl138\GE423Dev\trunk\asctec_ultrasonic_piccolo\segbot_piccolo\Debug\asctec_ultrasonic_piccolocfg.pp
DEL /F "28027_pwm.obj" "28027_serial.obj" "DSP2802x_Adc.obj" "DSP2802x_CSMPasswords.obj" "DSP2802x_CodeStartBranch.obj" "DSP2802x_CpuTimers.obj" "DSP2802x_GlobalVariableDefs.obj" "DSP2802x_Gpio.obj" "DSP2802x_I2C.obj" "DSP2802x_PieCtrl.obj" "DSP2802x_Sci.obj" "DSP2802x_Spi.obj" "DSP2802x_SysCtrl.obj" "DSP2802x_usDelay.obj" "asctec_ultrasonic_piccolocfg.obj" "asctec_ultrasonic_piccolocfg_c.obj" "coecsl.obj" "smallprintf.obj" "user_asctec_ultrasonic_piccolo.obj" 
DEL /F "DSP2802x_CSMPasswords.pp" "DSP2802x_CodeStartBranch.pp" "DSP2802x_usDelay.pp" 
Could Not Find C:\dan\omapl138\GE423Dev\trunk\asctec_ultrasonic_piccolo\segbot_piccolo\Debug\DSP2802x_CSMPasswords.pp
'Finished clean'
' '

**** Build Finished ****

**** Build of configuration Debug for project asctec_ultrasonic_piccolo ****

"C:\\CCStudio_v6.0\\ccsv6\\utils\\bin\\gmake" -k all 
'Building file: C:/dan/omapl138/GE423Dev/trunk/asctec_ultrasonic_piccolo/asctec_ultrasonic_piccolo.tcf'
'Invoking: TConf'
"C:/CCStudio_v6.0/bios_5_42_01_09/xdctools/tconf" -b -Dconfig.importPath="C:/CCStudio_v6.0/bios_5_42_01_09/packages;" "C:/dan/omapl138/GE423Dev/trunk/asctec_ultrasonic_piccolo/asctec_ultrasonic_piccolo.tcf"
'Finished building: C:/dan/omapl138/GE423Dev/trunk/asctec_ultrasonic_piccolo/asctec_ultrasonic_piccolo.tcf'
' '
'Building file: C:/dan/omapl138/GE423Dev/trunk/f28027/COECSL/28027_pwm.c'
'Invoking: C2000 Compiler'
"C:/CCStudio_v6.0/ccsv6/tools/compiler/c2000_6.2.7/bin/cl2000" -v28 -ml -mt --include_path="C:/CCStudio_v6.0/ccsv6/tools/compiler/c2000_6.2.7/include" --include_path="C:/dan/omapl138/GE423Dev/trunk/asctec_ultrasonic_piccolo/segbot_piccolo/Debug" --include_path="C:/CCStudio_v6.0/bios_5_42_01_09/packages/ti/bios/include" --include_path="C:/CCStudio_v6.0/bios_5_42_01_09/packages/ti/rtdx/include/c2000" --include_path="/packages/ti/xdais" --include_path="C:/dan/omapl138/GE423Dev/trunk/f28027/COECSL" --include_path="C:/dan/omapl138/GE423Dev/trunk/f28027/common/v126/DSP2802x_headers/include" --include_path="C:/dan/omapl138/GE423Dev/trunk/f28027/common/v126/DSP2802x_common/include" -g --define="_DEBUG" --define="LARGE_MODEL" --define="DSP28_BIOS" --quiet --verbose_diagnostics --display_error_number --preproc_with_compile --preproc_dependency="28027_pwm.pp"  "C:/dan/omapl138/GE423Dev/trunk/f28027/COECSL/28027_pwm.c"
'Finished building: C:/dan/omapl138/GE423Dev/trunk/f28027/COECSL/28027_pwm.c'
' '
'Building file: C:/dan/omapl138/GE423Dev/trunk/f28027/COECSL/28027_serial.c'
'Invoking: C2000 Compiler'
"C:/CCStudio_v6.0/ccsv6/tools/compiler/c2000_6.2.7/bin/cl2000" -v28 -ml -mt --include_path="C:/CCStudio_v6.0/ccsv6/tools/compiler/c2000_6.2.7/include" --include_path="C:/dan/omapl138/GE423Dev/trunk/asctec_ultrasonic_piccolo/segbot_piccolo/Debug" --include_path="C:/CCStudio_v6.0/bios_5_42_01_09/packages/ti/bios/include" --include_path="C:/CCStudio_v6.0/bios_5_42_01_09/packages/ti/rtdx/include/c2000" --include_path="/packages/ti/xdais" --include_path="C:/dan/omapl138/GE423Dev/trunk/f28027/COECSL" --include_path="C:/dan/omapl138/GE423Dev/trunk/f28027/common/v126/DSP2802x_headers/include" --include_path="C:/dan/omapl138/GE423Dev/trunk/f28027/common/v126/DSP2802x_common/include" -g --define="_DEBUG" --define="LARGE_MODEL" --define="DSP28_BIOS" --quiet --verbose_diagnostics --display_error_number --preproc_with_compile --preproc_dependency="28027_serial.pp"  "C:/dan/omapl138/GE423Dev/trunk/f28027/COECSL/28027_serial.c"
'Finished building: C:/dan/omapl138/GE423Dev/trunk/f28027/COECSL/28027_serial.c'
' '
'Building file: C:/dan/omapl138/GE423Dev/trunk/f28027/common/v126/DSP2802x_common/source/DSP2802x_Adc.c'
'Invoking: C2000 Compiler'
"C:/CCStudio_v6.0/ccsv6/tools/compiler/c2000_6.2.7/bin/cl2000" -v28 -ml -mt --include_path="C:/CCStudio_v6.0/ccsv6/tools/compiler/c2000_6.2.7/include" --include_path="C:/dan/omapl138/GE423Dev/trunk/asctec_ultrasonic_piccolo/segbot_piccolo/Debug" --include_path="C:/CCStudio_v6.0/bios_5_42_01_09/packages/ti/bios/include" --include_path="C:/CCStudio_v6.0/bios_5_42_01_09/packages/ti/rtdx/include/c2000" --include_path="/packages/ti/xdais" --include_path="C:/dan/omapl138/GE423Dev/trunk/f28027/COECSL" --include_path="C:/dan/omapl138/GE423Dev/trunk/f28027/common/v126/DSP2802x_headers/include" --include_path="C:/dan/omapl138/GE423Dev/trunk/f28027/common/v126/DSP2802x_common/include" -g --define="_DEBUG" --define="LARGE_MODEL" --define="DSP28_BIOS" --quiet --verbose_diagnostics --display_error_number --preproc_with_compile --preproc_dependency="DSP2802x_Adc.pp"  "C:/dan/omapl138/GE423Dev/trunk/f28027/common/v126/DSP2802x_common/source/DSP2802x_Adc.c"
'Finished building: C:/dan/omapl138/GE423Dev/trunk/f28027/common/v126/DSP2802x_common/source/DSP2802x_Adc.c'
' '
'Building file: C:/dan/omapl138/GE423Dev/trunk/f28027/common/v126/DSP2802x_common/source/DSP2802x_CSMPasswords.asm'
'Invoking: C2000 Compiler'
"C:/CCStudio_v6.0/ccsv6/tools/compiler/c2000_6.2.7/bin/cl2000" -v28 -ml -mt --include_path="C:/CCStudio_v6.0/ccsv6/tools/compiler/c2000_6.2.7/include" --include_path="C:/dan/omapl138/GE423Dev/trunk/asctec_ultrasonic_piccolo/segbot_piccolo/Debug" --include_path="C:/CCStudio_v6.0/bios_5_42_01_09/packages/ti/bios/include" --include_path="C:/CCStudio_v6.0/bios_5_42_01_09/packages/ti/rtdx/include/c2000" --include_path="/packages/ti/xdais" --include_path="C:/dan/omapl138/GE423Dev/trunk/f28027/COECSL" --include_path="C:/dan/omapl138/GE423Dev/trunk/f28027/common/v126/DSP2802x_headers/include" --include_path="C:/dan/omapl138/GE423Dev/trunk/f28027/common/v126/DSP2802x_common/include" -g --define="_DEBUG" --define="LARGE_MODEL" --define="DSP28_BIOS" --quiet --verbose_diagnostics --display_error_number --preproc_with_compile --preproc_dependency="DSP2802x_CSMPasswords.pp"  "C:/dan/omapl138/GE423Dev/trunk/f28027/common/v126/DSP2802x_common/source/DSP2802x_CSMPasswords.asm"
'Finished building: C:/dan/omapl138/GE423Dev/trunk/f28027/common/v126/DSP2802x_common/source/DSP2802x_CSMPasswords.asm'
' '
'Building file: C:/dan/omapl138/GE423Dev/trunk/f28027/common/v126/DSP2802x_common/source/DSP2802x_CodeStartBranch.asm'
'Invoking: C2000 Compiler'
"C:/CCStudio_v6.0/ccsv6/tools/compiler/c2000_6.2.7/bin/cl2000" -v28 -ml -mt --include_path="C:/CCStudio_v6.0/ccsv6/tools/compiler/c2000_6.2.7/include" --include_path="C:/dan/omapl138/GE423Dev/trunk/asctec_ultrasonic_piccolo/segbot_piccolo/Debug" --include_path="C:/CCStudio_v6.0/bios_5_42_01_09/packages/ti/bios/include" --include_path="C:/CCStudio_v6.0/bios_5_42_01_09/packages/ti/rtdx/include/c2000" --include_path="/packages/ti/xdais" --include_path="C:/dan/omapl138/GE423Dev/trunk/f28027/COECSL" --include_path="C:/dan/omapl138/GE423Dev/trunk/f28027/common/v126/DSP2802x_headers/include" --include_path="C:/dan/omapl138/GE423Dev/trunk/f28027/common/v126/DSP2802x_common/include" -g --define="_DEBUG" --define="LARGE_MODEL" --define="DSP28_BIOS" --quiet --verbose_diagnostics --display_error_number --preproc_with_compile --preproc_dependency="DSP2802x_CodeStartBranch.pp"  "C:/dan/omapl138/GE423Dev/trunk/f28027/common/v126/DSP2802x_common/source/DSP2802x_CodeStartBranch.asm"
'Finished building: C:/dan/omapl138/GE423Dev/trunk/f28027/common/v126/DSP2802x_common/source/DSP2802x_CodeStartBranch.asm'
' '
'Building file: C:/dan/omapl138/GE423Dev/trunk/f28027/common/v126/DSP2802x_common/source/DSP2802x_CpuTimers.c'
'Invoking: C2000 Compiler'
"C:/CCStudio_v6.0/ccsv6/tools/compiler/c2000_6.2.7/bin/cl2000" -v28 -ml -mt --include_path="C:/CCStudio_v6.0/ccsv6/tools/compiler/c2000_6.2.7/include" --include_path="C:/dan/omapl138/GE423Dev/trunk/asctec_ultrasonic_piccolo/segbot_piccolo/Debug" --include_path="C:/CCStudio_v6.0/bios_5_42_01_09/packages/ti/bios/include" --include_path="C:/CCStudio_v6.0/bios_5_42_01_09/packages/ti/rtdx/include/c2000" --include_path="/packages/ti/xdais" --include_path="C:/dan/omapl138/GE423Dev/trunk/f28027/COECSL" --include_path="C:/dan/omapl138/GE423Dev/trunk/f28027/common/v126/DSP2802x_headers/include" --include_path="C:/dan/omapl138/GE423Dev/trunk/f28027/common/v126/DSP2802x_common/include" -g --define="_DEBUG" --define="LARGE_MODEL" --define="DSP28_BIOS" --quiet --verbose_diagnostics --display_error_number --preproc_with_compile --preproc_dependency="DSP2802x_CpuTimers.pp"  "C:/dan/omapl138/GE423Dev/trunk/f28027/common/v126/DSP2802x_common/source/DSP2802x_CpuTimers.c"
'Finished building: C:/dan/omapl138/GE423Dev/trunk/f28027/common/v126/DSP2802x_common/source/DSP2802x_CpuTimers.c'
' '
'Building file: C:/dan/omapl138/GE423Dev/trunk/f28027/common/v126/DSP2802x_headers/source/DSP2802x_GlobalVariableDefs.c'
'Invoking: C2000 Compiler'
"C:/CCStudio_v6.0/ccsv6/tools/compiler/c2000_6.2.7/bin/cl2000" -v28 -ml -mt --include_path="C:/CCStudio_v6.0/ccsv6/tools/compiler/c2000_6.2.7/include" --include_path="C:/dan/omapl138/GE423Dev/trunk/asctec_ultrasonic_piccolo/segbot_piccolo/Debug" --include_path="C:/CCStudio_v6.0/bios_5_42_01_09/packages/ti/bios/include" --include_path="C:/CCStudio_v6.0/bios_5_42_01_09/packages/ti/rtdx/include/c2000" --include_path="/packages/ti/xdais" --include_path="C:/dan/omapl138/GE423Dev/trunk/f28027/COECSL" --include_path="C:/dan/omapl138/GE423Dev/trunk/f28027/common/v126/DSP2802x_headers/include" --include_path="C:/dan/omapl138/GE423Dev/trunk/f28027/common/v126/DSP2802x_common/include" -g --define="_DEBUG" --define="LARGE_MODEL" --define="DSP28_BIOS" --quiet --verbose_diagnostics --display_error_number --preproc_with_compile --preproc_dependency="DSP2802x_GlobalVariableDefs.pp"  "C:/dan/omapl138/GE423Dev/trunk/f28027/common/v126/DSP2802x_headers/source/DSP2802x_GlobalVariableDefs.c"
'Finished building: C:/dan/omapl138/GE423Dev/trunk/f28027/common/v126/DSP2802x_headers/source/DSP2802x_GlobalVariableDefs.c'
' '
'Building file: C:/dan/omapl138/GE423Dev/trunk/f28027/common/v126/DSP2802x_common/source/DSP2802x_Gpio.c'
'Invoking: C2000 Compiler'
"C:/CCStudio_v6.0/ccsv6/tools/compiler/c2000_6.2.7/bin/cl2000" -v28 -ml -mt --include_path="C:/CCStudio_v6.0/ccsv6/tools/compiler/c2000_6.2.7/include" --include_path="C:/dan/omapl138/GE423Dev/trunk/asctec_ultrasonic_piccolo/segbot_piccolo/Debug" --include_path="C:/CCStudio_v6.0/bios_5_42_01_09/packages/ti/bios/include" --include_path="C:/CCStudio_v6.0/bios_5_42_01_09/packages/ti/rtdx/include/c2000" --include_path="/packages/ti/xdais" --include_path="C:/dan/omapl138/GE423Dev/trunk/f28027/COECSL" --include_path="C:/dan/omapl138/GE423Dev/trunk/f28027/common/v126/DSP2802x_headers/include" --include_path="C:/dan/omapl138/GE423Dev/trunk/f28027/common/v126/DSP2802x_common/include" -g --define="_DEBUG" --define="LARGE_MODEL" --define="DSP28_BIOS" --quiet --verbose_diagnostics --display_error_number --preproc_with_compile --preproc_dependency="DSP2802x_Gpio.pp"  "C:/dan/omapl138/GE423Dev/trunk/f28027/common/v126/DSP2802x_common/source/DSP2802x_Gpio.c"
'Finished building: C:/dan/omapl138/GE423Dev/trunk/f28027/common/v126/DSP2802x_common/source/DSP2802x_Gpio.c'
' '
'Building file: C:/dan/omapl138/GE423Dev/trunk/f28027/common/v126/DSP2802x_common/source/DSP2802x_I2C.c'
'Invoking: C2000 Compiler'
"C:/CCStudio_v6.0/ccsv6/tools/compiler/c2000_6.2.7/bin/cl2000" -v28 -ml -mt --include_path="C:/CCStudio_v6.0/ccsv6/tools/compiler/c2000_6.2.7/include" --include_path="C:/dan/omapl138/GE423Dev/trunk/asctec_ultrasonic_piccolo/segbot_piccolo/Debug" --include_path="C:/CCStudio_v6.0/bios_5_42_01_09/packages/ti/bios/include" --include_path="C:/CCStudio_v6.0/bios_5_42_01_09/packages/ti/rtdx/include/c2000" --include_path="/packages/ti/xdais" --include_path="C:/dan/omapl138/GE423Dev/trunk/f28027/COECSL" --include_path="C:/dan/omapl138/GE423Dev/trunk/f28027/common/v126/DSP2802x_headers/include" --include_path="C:/dan/omapl138/GE423Dev/trunk/f28027/common/v126/DSP2802x_common/include" -g --define="_DEBUG" --define="LARGE_MODEL" --define="DSP28_BIOS" --quiet --verbose_diagnostics --display_error_number --preproc_with_compile --preproc_dependency="DSP2802x_I2C.pp"  "C:/dan/omapl138/GE423Dev/trunk/f28027/common/v126/DSP2802x_common/source/DSP2802x_I2C.c"
'Finished building: C:/dan/omapl138/GE423Dev/trunk/f28027/common/v126/DSP2802x_common/source/DSP2802x_I2C.c'
' '
'Building file: C:/dan/omapl138/GE423Dev/trunk/f28027/common/v126/DSP2802x_common/source/DSP2802x_PieCtrl.c'
'Invoking: C2000 Compiler'
"C:/CCStudio_v6.0/ccsv6/tools/compiler/c2000_6.2.7/bin/cl2000" -v28 -ml -mt --include_path="C:/CCStudio_v6.0/ccsv6/tools/compiler/c2000_6.2.7/include" --include_path="C:/dan/omapl138/GE423Dev/trunk/asctec_ultrasonic_piccolo/segbot_piccolo/Debug" --include_path="C:/CCStudio_v6.0/bios_5_42_01_09/packages/ti/bios/include" --include_path="C:/CCStudio_v6.0/bios_5_42_01_09/packages/ti/rtdx/include/c2000" --include_path="/packages/ti/xdais" --include_path="C:/dan/omapl138/GE423Dev/trunk/f28027/COECSL" --include_path="C:/dan/omapl138/GE423Dev/trunk/f28027/common/v126/DSP2802x_headers/include" --include_path="C:/dan/omapl138/GE423Dev/trunk/f28027/common/v126/DSP2802x_common/include" -g --define="_DEBUG" --define="LARGE_MODEL" --define="DSP28_BIOS" --quiet --verbose_diagnostics --display_error_number --preproc_with_compile --preproc_dependency="DSP2802x_PieCtrl.pp"  "C:/dan/omapl138/GE423Dev/trunk/f28027/common/v126/DSP2802x_common/source/DSP2802x_PieCtrl.c"
'Finished building: C:/dan/omapl138/GE423Dev/trunk/f28027/common/v126/DSP2802x_common/source/DSP2802x_PieCtrl.c'
' '
'Building file: C:/dan/omapl138/GE423Dev/trunk/f28027/common/v126/DSP2802x_common/source/DSP2802x_Sci.c'
'Invoking: C2000 Compiler'
"C:/CCStudio_v6.0/ccsv6/tools/compiler/c2000_6.2.7/bin/cl2000" -v28 -ml -mt --include_path="C:/CCStudio_v6.0/ccsv6/tools/compiler/c2000_6.2.7/include" --include_path="C:/dan/omapl138/GE423Dev/trunk/asctec_ultrasonic_piccolo/segbot_piccolo/Debug" --include_path="C:/CCStudio_v6.0/bios_5_42_01_09/packages/ti/bios/include" --include_path="C:/CCStudio_v6.0/bios_5_42_01_09/packages/ti/rtdx/include/c2000" --include_path="/packages/ti/xdais" --include_path="C:/dan/omapl138/GE423Dev/trunk/f28027/COECSL" --include_path="C:/dan/omapl138/GE423Dev/trunk/f28027/common/v126/DSP2802x_headers/include" --include_path="C:/dan/omapl138/GE423Dev/trunk/f28027/common/v126/DSP2802x_common/include" -g --define="_DEBUG" --define="LARGE_MODEL" --define="DSP28_BIOS" --quiet --verbose_diagnostics --display_error_number --preproc_with_compile --preproc_dependency="DSP2802x_Sci.pp"  "C:/dan/omapl138/GE423Dev/trunk/f28027/common/v126/DSP2802x_common/source/DSP2802x_Sci.c"
'Finished building: C:/dan/omapl138/GE423Dev/trunk/f28027/common/v126/DSP2802x_common/source/DSP2802x_Sci.c'
' '
'Building file: C:/dan/omapl138/GE423Dev/trunk/f28027/common/v126/DSP2802x_common/source/DSP2802x_Spi.c'
'Invoking: C2000 Compiler'
"C:/CCStudio_v6.0/ccsv6/tools/compiler/c2000_6.2.7/bin/cl2000" -v28 -ml -mt --include_path="C:/CCStudio_v6.0/ccsv6/tools/compiler/c2000_6.2.7/include" --include_path="C:/dan/omapl138/GE423Dev/trunk/asctec_ultrasonic_piccolo/segbot_piccolo/Debug" --include_path="C:/CCStudio_v6.0/bios_5_42_01_09/packages/ti/bios/include" --include_path="C:/CCStudio_v6.0/bios_5_42_01_09/packages/ti/rtdx/include/c2000" --include_path="/packages/ti/xdais" --include_path="C:/dan/omapl138/GE423Dev/trunk/f28027/COECSL" --include_path="C:/dan/omapl138/GE423Dev/trunk/f28027/common/v126/DSP2802x_headers/include" --include_path="C:/dan/omapl138/GE423Dev/trunk/f28027/common/v126/DSP2802x_common/include" -g --define="_DEBUG" --define="LARGE_MODEL" --define="DSP28_BIOS" --quiet --verbose_diagnostics --display_error_number --preproc_with_compile --preproc_dependency="DSP2802x_Spi.pp"  "C:/dan/omapl138/GE423Dev/trunk/f28027/common/v126/DSP2802x_common/source/DSP2802x_Spi.c"
'Finished building: C:/dan/omapl138/GE423Dev/trunk/f28027/common/v126/DSP2802x_common/source/DSP2802x_Spi.c'
' '
'Building file: C:/dan/omapl138/GE423Dev/trunk/f28027/common/v126/DSP2802x_common/source/DSP2802x_SysCtrl.c'
'Invoking: C2000 Compiler'
"C:/CCStudio_v6.0/ccsv6/tools/compiler/c2000_6.2.7/bin/cl2000" -v28 -ml -mt --include_path="C:/CCStudio_v6.0/ccsv6/tools/compiler/c2000_6.2.7/include" --include_path="C:/dan/omapl138/GE423Dev/trunk/asctec_ultrasonic_piccolo/segbot_piccolo/Debug" --include_path="C:/CCStudio_v6.0/bios_5_42_01_09/packages/ti/bios/include" --include_path="C:/CCStudio_v6.0/bios_5_42_01_09/packages/ti/rtdx/include/c2000" --include_path="/packages/ti/xdais" --include_path="C:/dan/omapl138/GE423Dev/trunk/f28027/COECSL" --include_path="C:/dan/omapl138/GE423Dev/trunk/f28027/common/v126/DSP2802x_headers/include" --include_path="C:/dan/omapl138/GE423Dev/trunk/f28027/common/v126/DSP2802x_common/include" -g --define="_DEBUG" --define="LARGE_MODEL" --define="DSP28_BIOS" --quiet --verbose_diagnostics --display_error_number --preproc_with_compile --preproc_dependency="DSP2802x_SysCtrl.pp"  "C:/dan/omapl138/GE423Dev/trunk/f28027/common/v126/DSP2802x_common/source/DSP2802x_SysCtrl.c"
'Finished building: C:/dan/omapl138/GE423Dev/trunk/f28027/common/v126/DSP2802x_common/source/DSP2802x_SysCtrl.c'
' '
'Building file: C:/dan/omapl138/GE423Dev/trunk/f28027/common/v126/DSP2802x_common/source/DSP2802x_usDelay.asm'
'Invoking: C2000 Compiler'
"C:/CCStudio_v6.0/ccsv6/tools/compiler/c2000_6.2.7/bin/cl2000" -v28 -ml -mt --include_path="C:/CCStudio_v6.0/ccsv6/tools/compiler/c2000_6.2.7/include" --include_path="C:/dan/omapl138/GE423Dev/trunk/asctec_ultrasonic_piccolo/segbot_piccolo/Debug" --include_path="C:/CCStudio_v6.0/bios_5_42_01_09/packages/ti/bios/include" --include_path="C:/CCStudio_v6.0/bios_5_42_01_09/packages/ti/rtdx/include/c2000" --include_path="/packages/ti/xdais" --include_path="C:/dan/omapl138/GE423Dev/trunk/f28027/COECSL" --include_path="C:/dan/omapl138/GE423Dev/trunk/f28027/common/v126/DSP2802x_headers/include" --include_path="C:/dan/omapl138/GE423Dev/trunk/f28027/common/v126/DSP2802x_common/include" -g --define="_DEBUG" --define="LARGE_MODEL" --define="DSP28_BIOS" --quiet --verbose_diagnostics --display_error_number --preproc_with_compile --preproc_dependency="DSP2802x_usDelay.pp"  "C:/dan/omapl138/GE423Dev/trunk/f28027/common/v126/DSP2802x_common/source/DSP2802x_usDelay.asm"
'Finished building: C:/dan/omapl138/GE423Dev/trunk/f28027/common/v126/DSP2802x_common/source/DSP2802x_usDelay.asm'
' '
'Building file: asctec_ultrasonic_piccolocfg.s??'
'Invoking: C2000 Compiler'
"C:/CCStudio_v6.0/ccsv6/tools/compiler/c2000_6.2.7/bin/cl2000" -v28 -ml -mt --include_path="C:/CCStudio_v6.0/ccsv6/tools/compiler/c2000_6.2.7/include" --include_path="C:/dan/omapl138/GE423Dev/trunk/asctec_ultrasonic_piccolo/segbot_piccolo/Debug" --include_path="C:/CCStudio_v6.0/bios_5_42_01_09/packages/ti/bios/include" --include_path="C:/CCStudio_v6.0/bios_5_42_01_09/packages/ti/rtdx/include/c2000" --include_path="/packages/ti/xdais" --include_path="C:/dan/omapl138/GE423Dev/trunk/f28027/COECSL" --include_path="C:/dan/omapl138/GE423Dev/trunk/f28027/common/v126/DSP2802x_headers/include" --include_path="C:/dan/omapl138/GE423Dev/trunk/f28027/common/v126/DSP2802x_common/include" -g --define="_DEBUG" --define="LARGE_MODEL" --define="DSP28_BIOS" --quiet --verbose_diagnostics --display_error_number --preproc_with_compile --preproc_dependency="asctec_ultrasonic_piccolocfg.pp"  "asctec_ultrasonic_piccolocfg.s??"
'Finished building: asctec_ultrasonic_piccolocfg.s??'
' '
'Building file: asctec_ultrasonic_piccolocfg_c.c'
'Invoking: C2000 Compiler'
"C:/CCStudio_v6.0/ccsv6/tools/compiler/c2000_6.2.7/bin/cl2000" -v28 -ml -mt --include_path="C:/CCStudio_v6.0/ccsv6/tools/compiler/c2000_6.2.7/include" --include_path="C:/dan/omapl138/GE423Dev/trunk/asctec_ultrasonic_piccolo/segbot_piccolo/Debug" --include_path="C:/CCStudio_v6.0/bios_5_42_01_09/packages/ti/bios/include" --include_path="C:/CCStudio_v6.0/bios_5_42_01_09/packages/ti/rtdx/include/c2000" --include_path="/packages/ti/xdais" --include_path="C:/dan/omapl138/GE423Dev/trunk/f28027/COECSL" --include_path="C:/dan/omapl138/GE423Dev/trunk/f28027/common/v126/DSP2802x_headers/include" --include_path="C:/dan/omapl138/GE423Dev/trunk/f28027/common/v126/DSP2802x_common/include" -g --define="_DEBUG" --define="LARGE_MODEL" --define="DSP28_BIOS" --quiet --verbose_diagnostics --display_error_number --preproc_with_compile --preproc_dependency="asctec_ultrasonic_piccolocfg_c.pp"  "asctec_ultrasonic_piccolocfg_c.c"
'Finished building: asctec_ultrasonic_piccolocfg_c.c'
' '
'Building file: C:/dan/omapl138/GE423Dev/trunk/f28027/COECSL/coecsl.c'
'Invoking: C2000 Compiler'
"C:/CCStudio_v6.0/ccsv6/tools/compiler/c2000_6.2.7/bin/cl2000" -v28 -ml -mt --include_path="C:/CCStudio_v6.0/ccsv6/tools/compiler/c2000_6.2.7/include" --include_path="C:/dan/omapl138/GE423Dev/trunk/asctec_ultrasonic_piccolo/segbot_piccolo/Debug" --include_path="C:/CCStudio_v6.0/bios_5_42_01_09/packages/ti/bios/include" --include_path="C:/CCStudio_v6.0/bios_5_42_01_09/packages/ti/rtdx/include/c2000" --include_path="/packages/ti/xdais" --include_path="C:/dan/omapl138/GE423Dev/trunk/f28027/COECSL" --include_path="C:/dan/omapl138/GE423Dev/trunk/f28027/common/v126/DSP2802x_headers/include" --include_path="C:/dan/omapl138/GE423Dev/trunk/f28027/common/v126/DSP2802x_common/include" -g --define="_DEBUG" --define="LARGE_MODEL" --define="DSP28_BIOS" --quiet --verbose_diagnostics --display_error_number --preproc_with_compile --preproc_dependency="coecsl.pp"  "C:/dan/omapl138/GE423Dev/trunk/f28027/COECSL/coecsl.c"
'Finished building: C:/dan/omapl138/GE423Dev/trunk/f28027/COECSL/coecsl.c'
' '
'Building file: C:/dan/omapl138/GE423Dev/trunk/f28027/COECSL/smallprintf.c'
'Invoking: C2000 Compiler'
"C:/CCStudio_v6.0/ccsv6/tools/compiler/c2000_6.2.7/bin/cl2000" -v28 -ml -mt --include_path="C:/CCStudio_v6.0/ccsv6/tools/compiler/c2000_6.2.7/include" --include_path="C:/dan/omapl138/GE423Dev/trunk/asctec_ultrasonic_piccolo/segbot_piccolo/Debug" --include_path="C:/CCStudio_v6.0/bios_5_42_01_09/packages/ti/bios/include" --include_path="C:/CCStudio_v6.0/bios_5_42_01_09/packages/ti/rtdx/include/c2000" --include_path="/packages/ti/xdais" --include_path="C:/dan/omapl138/GE423Dev/trunk/f28027/COECSL" --include_path="C:/dan/omapl138/GE423Dev/trunk/f28027/common/v126/DSP2802x_headers/include" --include_path="C:/dan/omapl138/GE423Dev/trunk/f28027/common/v126/DSP2802x_common/include" -g --define="_DEBUG" --define="LARGE_MODEL" --define="DSP28_BIOS" --quiet --verbose_diagnostics --display_error_number --preproc_with_compile --preproc_dependency="smallprintf.pp"  "C:/dan/omapl138/GE423Dev/trunk/f28027/COECSL/smallprintf.c"
'Finished building: C:/dan/omapl138/GE423Dev/trunk/f28027/COECSL/smallprintf.c'
' '
'Building file: C:/dan/omapl138/GE423Dev/trunk/asctec_ultrasonic_piccolo/user_asctec_ultrasonic_piccolo.c'
'Invoking: C2000 Compiler'
"C:/CCStudio_v6.0/ccsv6/tools/compiler/c2000_6.2.7/bin/cl2000" -v28 -ml -mt --include_path="C:/CCStudio_v6.0/ccsv6/tools/compiler/c2000_6.2.7/include" --include_path="C:/dan/omapl138/GE423Dev/trunk/asctec_ultrasonic_piccolo/segbot_piccolo/Debug" --include_path="C:/CCStudio_v6.0/bios_5_42_01_09/packages/ti/bios/include" --include_path="C:/CCStudio_v6.0/bios_5_42_01_09/packages/ti/rtdx/include/c2000" --include_path="/packages/ti/xdais" --include_path="C:/dan/omapl138/GE423Dev/trunk/f28027/COECSL" --include_path="C:/dan/omapl138/GE423Dev/trunk/f28027/common/v126/DSP2802x_headers/include" --include_path="C:/dan/omapl138/GE423Dev/trunk/f28027/common/v126/DSP2802x_common/include" -g --define="_DEBUG" --define="LARGE_MODEL" --define="DSP28_BIOS" --quiet --verbose_diagnostics --display_error_number --preproc_with_compile --preproc_dependency="user_asctec_ultrasonic_piccolo.pp"  "C:/dan/omapl138/GE423Dev/trunk/asctec_ultrasonic_piccolo/user_asctec_ultrasonic_piccolo.c"
'Finished building: C:/dan/omapl138/GE423Dev/trunk/asctec_ultrasonic_piccolo/user_asctec_ultrasonic_piccolo.c'
' '
'Building target: C:/dan/omapl138/GE423Dev/trunk/asctec_ultrasonic_piccolo/segbot_piccolo/../Debug/user_asctec_ultrasonic_piccolo.out'
'Invoking: C2000 Linker'
"C:/CCStudio_v6.0/ccsv6/tools/compiler/c2000_6.2.7/bin/cl2000" -v28 -ml -mt -g --define="_DEBUG" --define="LARGE_MODEL" --define="DSP28_BIOS" --quiet --verbose_diagnostics --display_error_number -z -m"C:/dan/omapl138/GE423Dev/trunk/asctec_ultrasonic_piccolo/Debug/user_asctec_ultrasonic_piccolo.map" --heap_size=0x200 --stack_size=0x300 --warn_sections -i"C:/CCStudio_v6.0/ccsv6/tools/compiler/c2000_6.2.7/lib" -i"C:/CCStudio_v6.0/ccsv6/tools/compiler/c2000_6.2.7/include" -i"C:/CCStudio_v6.0/bios_5_42_01_09/packages/ti/rtdx/lib/c2000" -i"C:/CCStudio_v6.0/bios_5_42_01_09/packages/ti/bios/lib" -i"C:/dan/omapl138/GE423Dev/trunk/asctec_ultrasonic_piccolo/segbot_piccolo" -i"C:/dan/omapl138/GE423Dev/trunk/asctec_ultrasonic_piccolo" --reread_libs --display_error_number --xml_link_info="C:/dan/omapl138/GE423Dev/trunk/asctec_ultrasonic_piccolo/Debug/user_asctec_ultrasonic_piccolo_linkInfo.xml" --rom_model -o "C:/dan/omapl138/GE423Dev/trunk/asctec_ultrasonic_piccolo/segbot_piccolo/../Debug/user_asctec_ultrasonic_piccolo.out" -l"./asctec_ultrasonic_piccolocfg.cmd"  "./user_asctec_ultrasonic_piccolo.obj" "./smallprintf.obj" "./coecsl.obj" "./asctec_ultrasonic_piccolocfg_c.obj" "./asctec_ultrasonic_piccolocfg.obj" "./DSP2802x_usDelay.obj" "./DSP2802x_SysCtrl.obj" "./DSP2802x_Spi.obj" "./DSP2802x_Sci.obj" "./DSP2802x_PieCtrl.obj" "./DSP2802x_I2C.obj" "./DSP2802x_Gpio.obj" "./DSP2802x_GlobalVariableDefs.obj" "./DSP2802x_CpuTimers.obj" "./DSP2802x_CodeStartBranch.obj" "./DSP2802x_CSMPasswords.obj" "./DSP2802x_Adc.obj" "./28027_serial.obj" "./28027_pwm.obj" "C:/dan/omapl138/GE423Dev/trunk/asctec_ultrasonic_piccolo/user_lnk.cmd" 
'Finished building target: C:/dan/omapl138/GE423Dev/trunk/asctec_ultrasonic_piccolo/segbot_piccolo/../Debug/user_asctec_ultrasonic_piccolo.out'
' '

**** Build Finished ****

**** Build of configuration Debug for project asctec_ultrasonic_piccolo ****

"C:\\CCStudio_v6.0\\ccsv6\\utils\\bin\\gmake" -k all 
gmake: Nothing to be done for `all'.

**** Build Finished ****
